C:\USERS\SHANE.COATES\DESKTOP\OPENGL\OPENGL\DEBUG\GIZMOS_FIX.OBJ
C:\USERS\SHANE.COATES\DESKTOP\OPENGL\OPENGL\DEBUG\CAMERA.OBJ
C:\USERS\SHANE.COATES\DESKTOP\OPENGL\OPENGL\DEBUG\DEBUGGUI.OBJ
C:\USERS\SHANE.COATES\DESKTOP\OPENGL\OPENGL\DEBUG\FOLLOWCAMERA.OBJ
C:\USERS\SHANE.COATES\DESKTOP\OPENGL\OPENGL\DEBUG\GAMESTATEMANAGER.OBJ
C:\USERS\SHANE.COATES\DESKTOP\OPENGL\OPENGL\DEBUG\SKYBOX.OBJ
C:\USERS\SHANE.COATES\DESKTOP\OPENGL\OPENGL\DEBUG\XBOXCONTROLLER.OBJ
C:\USERS\SHANE.COATES\DESKTOP\OPENGL\OPENGL\DEBUG\FREECAMERA.OBJ
C:\USERS\SHANE.COATES\DESKTOP\OPENGL\OPENGL\DEBUG\GEOMETRY.OBJ
C:\USERS\SHANE.COATES\DESKTOP\OPENGL\OPENGL\DEBUG\MAIN.OBJ
C:\USERS\SHANE.COATES\DESKTOP\OPENGL\OPENGL\DEBUG\MYAPPLICATION.OBJ
C:\USERS\SHANE.COATES\DESKTOP\OPENGL\OPENGL\DEBUG\OBJECT.OBJ
C:\USERS\SHANE.COATES\DESKTOP\OPENGL\OPENGL\DEBUG\VC110.PDB
C:\USERS\SHANE.COATES\DESKTOP\OPENGL\OPENGL\DEBUG\GL_CORE_4_4.OBJ
C:\USERS\SHANE.COATES\DESKTOP\OPENGL\DEBUG\OPENGL.ILK
C:\USERS\SHANE.COATES\DESKTOP\OPENGL\DEBUG\OPENGL.EXE
C:\USERS\SHANE.COATES\DESKTOP\OPENGL\DEBUG\OPENGL.PDB
C:\Users\shane.coates\Desktop\OpenGL\OpenGL\Debug\Camera.obj
C:\Users\shane.coates\Desktop\OpenGL\OpenGL\Debug\DebugGUI.obj
C:\Users\shane.coates\Desktop\OpenGL\OpenGL\Debug\FollowCamera.obj
C:\Users\shane.coates\Desktop\OpenGL\OpenGL\Debug\FreeCamera.obj
C:\Users\shane.coates\Desktop\OpenGL\OpenGL\Debug\GameStateManager.obj
C:\Users\shane.coates\Desktop\OpenGL\OpenGL\Debug\Geometry.obj
C:\Users\shane.coates\Desktop\OpenGL\OpenGL\Debug\Gizmos_fix.obj
C:\Users\shane.coates\Desktop\OpenGL\OpenGL\Debug\gl_core_4_4.obj
C:\Users\shane.coates\Desktop\OpenGL\OpenGL\Debug\Main.obj
C:\Users\shane.coates\Desktop\OpenGL\OpenGL\Debug\MyApplication.obj
C:\Users\shane.coates\Desktop\OpenGL\OpenGL\Debug\Object.obj
C:\Users\shane.coates\Desktop\OpenGL\OpenGL\Debug\Skybox.obj
C:\Users\shane.coates\Desktop\OpenGL\OpenGL\Debug\XboxController.obj
C:\Users\shane.coates\Desktop\OpenGL\OpenGL\Debug\cl.command.1.tlog
C:\Users\shane.coates\Desktop\OpenGL\OpenGL\Debug\CL.read.1.tlog
C:\Users\shane.coates\Desktop\OpenGL\OpenGL\Debug\CL.write.1.tlog
C:\Users\shane.coates\Desktop\OpenGL\OpenGL\Debug\link-cvtres.read.1.tlog
C:\Users\shane.coates\Desktop\OpenGL\OpenGL\Debug\link-cvtres.write.1.tlog
C:\Users\shane.coates\Desktop\OpenGL\OpenGL\Debug\link-rc.read.1.tlog
C:\Users\shane.coates\Desktop\OpenGL\OpenGL\Debug\link-rc.write.1.tlog
C:\Users\shane.coates\Desktop\OpenGL\OpenGL\Debug\link.1240-cvtres.read.1.tlog
C:\Users\shane.coates\Desktop\OpenGL\OpenGL\Debug\link.1240-cvtres.write.1.tlog
C:\Users\shane.coates\Desktop\OpenGL\OpenGL\Debug\link.1240-rc.read.1.tlog
C:\Users\shane.coates\Desktop\OpenGL\OpenGL\Debug\link.1240-rc.write.1.tlog
C:\Users\shane.coates\Desktop\OpenGL\OpenGL\Debug\link.1240.read.1.tlog
C:\Users\shane.coates\Desktop\OpenGL\OpenGL\Debug\link.1240.write.1.tlog
C:\Users\shane.coates\Desktop\OpenGL\OpenGL\Debug\link.3040-cvtres.read.1.tlog
C:\Users\shane.coates\Desktop\OpenGL\OpenGL\Debug\link.3040-cvtres.write.1.tlog
C:\Users\shane.coates\Desktop\OpenGL\OpenGL\Debug\link.3040-rc.read.1.tlog
C:\Users\shane.coates\Desktop\OpenGL\OpenGL\Debug\link.3040-rc.write.1.tlog
C:\Users\shane.coates\Desktop\OpenGL\OpenGL\Debug\link.3040.read.1.tlog
C:\Users\shane.coates\Desktop\OpenGL\OpenGL\Debug\link.3040.write.1.tlog
C:\Users\shane.coates\Desktop\OpenGL\OpenGL\Debug\link.4320-cvtres.read.1.tlog
C:\Users\shane.coates\Desktop\OpenGL\OpenGL\Debug\link.4320-cvtres.write.1.tlog
C:\Users\shane.coates\Desktop\OpenGL\OpenGL\Debug\link.4320-rc.read.1.tlog
C:\Users\shane.coates\Desktop\OpenGL\OpenGL\Debug\link.4320-rc.write.1.tlog
C:\Users\shane.coates\Desktop\OpenGL\OpenGL\Debug\link.4320.read.1.tlog
C:\Users\shane.coates\Desktop\OpenGL\OpenGL\Debug\link.4320.write.1.tlog
C:\Users\shane.coates\Desktop\OpenGL\OpenGL\Debug\link.5352-cvtres.read.1.tlog
C:\Users\shane.coates\Desktop\OpenGL\OpenGL\Debug\link.5352-cvtres.write.1.tlog
C:\Users\shane.coates\Desktop\OpenGL\OpenGL\Debug\link.5352-rc.read.1.tlog
C:\Users\shane.coates\Desktop\OpenGL\OpenGL\Debug\link.5352-rc.write.1.tlog
C:\Users\shane.coates\Desktop\OpenGL\OpenGL\Debug\link.5352.read.1.tlog
C:\Users\shane.coates\Desktop\OpenGL\OpenGL\Debug\link.5352.write.1.tlog
C:\Users\shane.coates\Desktop\OpenGL\OpenGL\Debug\link.6296-cvtres.read.1.tlog
C:\Users\shane.coates\Desktop\OpenGL\OpenGL\Debug\link.6296-cvtres.write.1.tlog
C:\Users\shane.coates\Desktop\OpenGL\OpenGL\Debug\link.6296-rc.read.1.tlog
C:\Users\shane.coates\Desktop\OpenGL\OpenGL\Debug\link.6296-rc.write.1.tlog
C:\Users\shane.coates\Desktop\OpenGL\OpenGL\Debug\link.6296.read.1.tlog
C:\Users\shane.coates\Desktop\OpenGL\OpenGL\Debug\link.6296.write.1.tlog
C:\Users\shane.coates\Desktop\OpenGL\OpenGL\Debug\link.6900-cvtres.read.1.tlog
C:\Users\shane.coates\Desktop\OpenGL\OpenGL\Debug\link.6900-cvtres.write.1.tlog
C:\Users\shane.coates\Desktop\OpenGL\OpenGL\Debug\link.6900-rc.read.1.tlog
C:\Users\shane.coates\Desktop\OpenGL\OpenGL\Debug\link.6900-rc.write.1.tlog
C:\Users\shane.coates\Desktop\OpenGL\OpenGL\Debug\link.6900.read.1.tlog
C:\Users\shane.coates\Desktop\OpenGL\OpenGL\Debug\link.6900.write.1.tlog
C:\Users\shane.coates\Desktop\OpenGL\OpenGL\Debug\link.command.1.tlog
C:\Users\shane.coates\Desktop\OpenGL\OpenGL\Debug\link.read.1.tlog
C:\Users\shane.coates\Desktop\OpenGL\OpenGL\Debug\link.write.1.tlog
C:\Users\shane.coates\Desktop\OpenGL\OpenGL\Debug\vc110.idb
C:\Users\shane.coates\Desktop\OpenGL\OpenGL\Debug\vc110.pdb
C:\Users\shane.coates\Desktop\OpenGL\Debug\OpenGL.pdb
C:\Users\shane.coates\Desktop\OpenGL\Debug\OpenGL.exe
C:\Users\shane.coates\Desktop\OpenGL\Debug\OpenGL.ilk
