Build started 20/02/2015 4:07:06 PM.
     1>Project "C:\Users\shane.coates\Desktop\OpenGL\OpenGL\OpenGL.vcxproj" on node 2 (Build target(s)).
     1>ClCompile:
         C:\Program Files (x86)\Microsoft Visual Studio 11.0\VC\bin\CL.exe /c /I./inc /I./dep/AntTweakBar /I./dep/glfw/include /I./dep/glm /I./dep/aieutilities /I"./dep/stb-master" /I./src /ZI /nologo /W3 /WX- /Od /Oy- /D WIN32 /D _DEBUG /D _CONSOLE /D GLM_SWIZZLE /D _UNICODE /D UNICODE /Gm /EHsc /RTC1 /MDd /GS /fp:precise /Zc:wchar_t /Zc:forScope /Fo"Debug\\" /Fd"Debug\vc110.pdb" /Gd /TP /analyze- /errorReport:prompt src\Skybox.cpp
         Skybox.cpp
       Link:
         C:\Program Files (x86)\Microsoft Visual Studio 11.0\VC\bin\link.exe /ERRORREPORT:PROMPT /OUT:"C:\Users\shane.coates\Desktop\OpenGL\Debug\OpenGL.exe" /INCREMENTAL /NOLOGO /LIBPATH:./lib opengl32.lib glfw3.lib XINPUT9_1_0.LIB AntTweakBar.lib kernel32.lib user32.lib gdi32.lib winspool.lib comdlg32.lib advapi32.lib shell32.lib ole32.lib oleaut32.lib uuid.lib odbc32.lib odbccp32.lib /MANIFEST /MANIFESTUAC:"level='asInvoker' uiAccess='false'" /manifest:embed /DEBUG /PDB:"C:\Users\shane.coates\Desktop\OpenGL\Debug\OpenGL.pdb" /SUBSYSTEM:CONSOLE /TLBID:1 /DYNAMICBASE /NXCOMPAT /IMPLIB:"C:\Users\shane.coates\Desktop\OpenGL\Debug\OpenGL.lib" /MACHINE:X86 Debug\Gizmos_fix.obj
         Debug\Camera.obj
         Debug\DebugGUI.obj
         Debug\FollowCamera.obj
         Debug\GameStateManager.obj
         Debug\Shader.obj
         Debug\Skybox.obj
         Debug\XboxController.obj
         Debug\FreeCamera.obj
         Debug\Geometry.obj
         Debug\gl_core_4_4.obj
         Debug\Main.obj
         Debug\MyApplication.obj
         Debug\Object.obj
         lib\AntTweakBar.lib
         lib\AntTweakBar64.lib
         lib\glfw3.lib
         lib\glfw3dll.lib
     1>LINK : warning LNK4098: defaultlib 'MSVCRT' conflicts with use of other libs; use /NODEFAULTLIB:library
         OpenGL.vcxproj -> C:\Users\shane.coates\Desktop\OpenGL\Debug\OpenGL.exe
     1>Done Building Project "C:\Users\shane.coates\Desktop\OpenGL\OpenGL\OpenGL.vcxproj" (Build target(s)).

Build succeeded.

Time Elapsed 00:00:06.54
